  main.cpp
C:\Users\ecpp\source\repos\simple-csgo-external\csgo-legit-external\src\utils\memory.h(79,13): warning C4297: 'MemoryEditor::GetModuleAddress': function assumed not to throw an exception but does
C:\Users\ecpp\source\repos\simple-csgo-external\csgo-legit-external\src\utils\memory.h(79,13): message : __declspec(nothrow), throw(), noexcept(true), or noexcept was specified on the function
C:\Users\ecpp\source\repos\simple-csgo-external\csgo-legit-external\src\utils\memory.h(95,13): warning C4297: 'MemoryEditor::GetModuleAddress': function assumed not to throw an exception but does
C:\Users\ecpp\source\repos\simple-csgo-external\csgo-legit-external\src\utils\memory.h(95,13): message : __declspec(nothrow), throw(), noexcept(true), or noexcept was specified on the function
  hacks.cpp
C:\Users\ecpp\source\repos\simple-csgo-external\csgo-legit-external\src\utils\memory.h(79,13): warning C4297: 'MemoryEditor::GetModuleAddress': function assumed not to throw an exception but does
C:\Users\ecpp\source\repos\simple-csgo-external\csgo-legit-external\src\utils\memory.h(79,13): message : __declspec(nothrow), throw(), noexcept(true), or noexcept was specified on the function
C:\Users\ecpp\source\repos\simple-csgo-external\csgo-legit-external\src\utils\memory.h(95,13): warning C4297: 'MemoryEditor::GetModuleAddress': function assumed not to throw an exception but does
C:\Users\ecpp\source\repos\simple-csgo-external\csgo-legit-external\src\utils\memory.h(95,13): message : __declspec(nothrow), throw(), noexcept(true), or noexcept was specified on the function
  Generating code
C:\Users\ecpp\source\repos\simple-csgo-external\csgo-legit-external\src\utils\vector.h(32): warning C4172: returning address of local variable or temporary
C:\Users\ecpp\source\repos\simple-csgo-external\csgo-legit-external\src\utils\vector.h(17): warning C4172: returning address of local variable or temporary
C:\Users\ecpp\source\repos\simple-csgo-external\csgo-legit-external\src\utils\vector.h(22): warning C4172: returning address of local variable or temporary
C:\Users\ecpp\source\repos\simple-csgo-external\csgo-legit-external\src\utils\vector.h(46): warning C4172: returning address of local variable or temporary
  16 of 271 functions ( 5.9%) were compiled, the rest were copied from previous compilation.
    1 functions were new in current compilation
    5 functions had inline decision re-evaluated but remain unchanged
  Finished generating code
  csgo-legit-external.vcxproj -> C:\Users\ecpp\source\repos\simple-csgo-external\Release\csgo-legit-external.exe
