c:\users\ecpp\source\repos\go-kernel\csgo-legit-external\x64\release\vc143.pdb
c:\users\ecpp\source\repos\go-kernel\csgo-legit-external\x64\release\hacks.obj
c:\users\ecpp\source\repos\go-kernel\csgo-legit-external\x64\release\gui_menu.obj
c:\users\ecpp\source\repos\go-kernel\csgo-legit-external\x64\release\gui_esp.obj
c:\users\ecpp\source\repos\go-kernel\csgo-legit-external\x64\release\imgui_widgets.obj
c:\users\ecpp\source\repos\go-kernel\csgo-legit-external\x64\release\imgui_tables.obj
c:\users\ecpp\source\repos\go-kernel\csgo-legit-external\x64\release\imgui_impl_win32.obj
c:\users\ecpp\source\repos\go-kernel\csgo-legit-external\x64\release\imgui_impl_dx11.obj
c:\users\ecpp\source\repos\go-kernel\csgo-legit-external\x64\release\imgui_draw.obj
c:\users\ecpp\source\repos\go-kernel\csgo-legit-external\x64\release\imgui_demo.obj
c:\users\ecpp\source\repos\go-kernel\csgo-legit-external\x64\release\imgui.obj
c:\users\ecpp\source\repos\go-kernel\csgo-legit-external\x64\release\main.obj
c:\users\ecpp\source\repos\go-kernel\x64\release\csgo-legit-external.exe
c:\users\ecpp\source\repos\go-kernel\csgo-legit-external\x64\release\csgo-legit-external.ipdb
c:\users\ecpp\source\repos\go-kernel\x64\release\csgo-legit-external.pdb
c:\users\ecpp\source\repos\go-kernel\csgo-legit-external\x64\release\csgo-legit-external.iobj
c:\users\ecpp\source\repos\go-kernel\csgo-legit-external\x64\release\csgo-leg.927ca8c6.tlog\cl.command.1.tlog
c:\users\ecpp\source\repos\go-kernel\csgo-legit-external\x64\release\csgo-leg.927ca8c6.tlog\cl.read.1.tlog
c:\users\ecpp\source\repos\go-kernel\csgo-legit-external\x64\release\csgo-leg.927ca8c6.tlog\cl.write.1.tlog
c:\users\ecpp\source\repos\go-kernel\csgo-legit-external\x64\release\csgo-leg.927ca8c6.tlog\link.command.1.tlog
c:\users\ecpp\source\repos\go-kernel\csgo-legit-external\x64\release\csgo-leg.927ca8c6.tlog\link.read.1.tlog
c:\users\ecpp\source\repos\go-kernel\csgo-legit-external\x64\release\csgo-leg.927ca8c6.tlog\link.write.1.tlog
