C:\Program Files\Microsoft Visual Studio\2022\Community\MSBuild\Microsoft\VC\v170\Microsoft.CppClean.targets(77,5): warning : Access to the path 'c:\users\ecpp\source\repos\go-kernel\x64\release\csgo-legit-external.exe' is denied.
  imgui.cpp
  imgui_demo.cpp
  imgui_draw.cpp
  imgui_impl_dx11.cpp
  imgui_impl_win32.cpp
  imgui_tables.cpp
  imgui_widgets.cpp
  async_bio.cc
C:\Users\ecpp\source\repos\go-kernel\csgo-legit-external\external\OpenSSL-Win64\tests\ossl_shim\async_bio.cc(10,10): fatal  error C1083: Cannot open include file: 'async_bio.h': No such file or directory
  ossl_shim.cc
C:\Users\ecpp\source\repos\go-kernel\csgo-legit-external\external\OpenSSL-Win64\tests\ossl_shim\ossl_shim.cc(14,10): fatal  error C1083: Cannot open include file: 'packeted_bio.h': No such file or directory
  packeted_bio.cc
C:\Users\ecpp\source\repos\go-kernel\csgo-legit-external\external\OpenSSL-Win64\tests\ossl_shim\packeted_bio.cc(10,10): fatal  error C1083: Cannot open include file: 'packeted_bio.h': No such file or directory
  test_config.cc
C:\Users\ecpp\source\repos\go-kernel\csgo-legit-external\external\OpenSSL-Win64\tests\ossl_shim\test_config.cc(10,10): fatal  error C1083: Cannot open include file: 'test_config.h': No such file or directory
  main.cpp
C:\Users\ecpp\source\repos\go-kernel\csgo-legit-external\src\utils\vector.h(6,46): warning C4305: 'initializing': truncation from 'double' to 'const float'
C:\Users\ecpp\source\repos\go-kernel\csgo-legit-external\src\utils\vector.h(51,50): warning C4244: '=': conversion from 'double' to 'float', possible loss of data
C:\Users\ecpp\source\repos\go-kernel\csgo-legit-external\src\utils\vector.h(52,39): warning C4244: '=': conversion from 'double' to 'float', possible loss of data
  gui_esp.cpp
C:\Users\ecpp\source\repos\go-kernel\csgo-legit-external\src\utils\vector.h(6,46): warning C4305: 'initializing': truncation from 'double' to 'const float'
C:\Users\ecpp\source\repos\go-kernel\csgo-legit-external\src\utils\vector.h(51,50): warning C4244: '=': conversion from 'double' to 'float', possible loss of data
C:\Users\ecpp\source\repos\go-kernel\csgo-legit-external\src\utils\vector.h(52,39): warning C4244: '=': conversion from 'double' to 'float', possible loss of data
C:\Users\ecpp\source\repos\go-kernel\csgo-legit-external\src\gui\gui_esp.cpp(211,16): warning C4244: 'initializing': conversion from 'int' to 'float', possible loss of data
C:\Users\ecpp\source\repos\go-kernel\csgo-legit-external\src\gui\gui_esp.cpp(211,43): warning C4244: 'initializing': conversion from 'int' to 'float', possible loss of data
C:\Users\ecpp\source\repos\go-kernel\csgo-legit-external\src\gui\gui_esp.cpp(227,138): warning C4267: 'argument': conversion from 'size_t' to 'UINT32', possible loss of data
C:\Users\ecpp\source\repos\go-kernel\csgo-legit-external\src\gui\gui_esp.cpp(228,110): warning C4267: 'argument': conversion from 'size_t' to 'UINT32', possible loss of data
C:\Users\ecpp\source\repos\go-kernel\csgo-legit-external\src\gui\gui_esp.cpp(234,110): warning C4267: 'argument': conversion from 'size_t' to 'UINT32', possible loss of data
C:\Users\ecpp\source\repos\go-kernel\csgo-legit-external\src\gui\gui_esp.cpp(235,110): warning C4267: 'argument': conversion from 'size_t' to 'UINT32', possible loss of data
C:\Users\ecpp\source\repos\go-kernel\csgo-legit-external\src\gui\gui_esp.cpp(270,59): warning C4244: 'argument': conversion from 'uintptr_t' to 'uint32_t', possible loss of data
C:\Users\ecpp\source\repos\go-kernel\csgo-legit-external\src\gui\gui_esp.cpp(275,72): warning C4244: 'argument': conversion from 'uintptr_t' to 'uint32_t', possible loss of data
C:\Users\ecpp\source\repos\go-kernel\csgo-legit-external\src\gui\gui_esp.cpp(290,70): warning C4244: 'argument': conversion from 'uintptr_t' to 'uint32_t', possible loss of data
C:\Users\ecpp\source\repos\go-kernel\csgo-legit-external\src\gui\gui_esp.cpp(296,91): warning C4267: 'argument': conversion from 'size_t' to 'uint32_t', possible loss of data
C:\Users\ecpp\source\repos\go-kernel\csgo-legit-external\src\gui\gui_esp.cpp(312,96): warning C4244: 'argument': conversion from 'type' to 'uint32_t', possible loss of data
          with
          [
              type=uintptr_t
          ]
C:\Users\ecpp\source\repos\go-kernel\csgo-legit-external\src\gui\gui_esp.cpp(313,105): warning C4267: 'argument': conversion from 'size_t' to 'uint32_t', possible loss of data
C:\Users\ecpp\source\repos\go-kernel\csgo-legit-external\src\gui\gui_esp.cpp(313,85): warning C4244: 'argument': conversion from 'type' to 'uint32_t', possible loss of data
          with
          [
              type=uintptr_t
          ]
C:\Users\ecpp\source\repos\go-kernel\csgo-legit-external\src\gui\gui_esp.cpp(324,16): warning C4244: 'initializing': conversion from 'float' to 'int', possible loss of data
C:\Users\ecpp\source\repos\go-kernel\csgo-legit-external\src\gui\gui_esp.cpp(329,20): warning C4244: 'initializing': conversion from 'int' to 'float', possible loss of data
C:\Users\ecpp\source\repos\go-kernel\csgo-legit-external\src\gui\gui_esp.cpp(332,30): warning C4838: conversion from 'float' to 'LONG' requires a narrowing conversion
C:\Users\ecpp\source\repos\go-kernel\csgo-legit-external\src\gui\gui_esp.cpp(332,30): warning C4244: 'initializing': conversion from 'float' to 'LONG', possible loss of data
C:\Users\ecpp\source\repos\go-kernel\csgo-legit-external\src\gui\gui_esp.cpp(332,51): warning C4838: conversion from 'float' to 'LONG' requires a narrowing conversion
C:\Users\ecpp\source\repos\go-kernel\csgo-legit-external\src\gui\gui_esp.cpp(332,51): warning C4244: 'initializing': conversion from 'float' to 'LONG', possible loss of data
C:\Users\ecpp\source\repos\go-kernel\csgo-legit-external\src\gui\gui_esp.cpp(332,61): warning C4838: conversion from 'float' to 'LONG' requires a narrowing conversion
C:\Users\ecpp\source\repos\go-kernel\csgo-legit-external\src\gui\gui_esp.cpp(332,61): warning C4244: 'initializing': conversion from 'float' to 'LONG', possible loss of data
C:\Users\ecpp\source\repos\go-kernel\csgo-legit-external\src\gui\gui_esp.cpp(332,71): warning C4838: conversion from 'float' to 'LONG' requires a narrowing conversion
C:\Users\ecpp\source\repos\go-kernel\csgo-legit-external\src\gui\gui_esp.cpp(332,71): warning C4244: 'initializing': conversion from 'float' to 'LONG', possible loss of data
C:\Users\ecpp\source\repos\go-kernel\csgo-legit-external\src\gui\gui_esp.cpp(336,20): warning C4244: 'initializing': conversion from 'float' to 'int', possible loss of data
C:\Users\ecpp\source\repos\go-kernel\csgo-legit-external\src\gui\gui_esp.cpp(337,47): warning C4244: 'argument': conversion from 'int' to 'float', possible loss of data
C:\Users\ecpp\source\repos\go-kernel\csgo-legit-external\src\gui\gui_esp.cpp(337,39): warning C4244: 'argument': conversion from 'int' to 'float', possible loss of data
C:\Users\ecpp\source\repos\go-kernel\csgo-legit-external\src\gui\gui_esp.cpp(342,43): warning C4244: 'argument': conversion from 'int' to 'const float', possible loss of data
C:\Users\ecpp\source\repos\go-kernel\csgo-legit-external\src\gui\gui_esp.cpp(360,50): warning C4244: 'argument': conversion from 'int' to 'float', possible loss of data
C:\Users\ecpp\source\repos\go-kernel\csgo-legit-external\src\gui\gui_esp.cpp(363,50): warning C4244: 'argument': conversion from 'int' to 'float', possible loss of data
  gui_menu.cpp
C:\Users\ecpp\source\repos\go-kernel\csgo-legit-external\src\utils\vector.h(6,46): warning C4305: 'initializing': truncation from 'double' to 'const float'
C:\Users\ecpp\source\repos\go-kernel\csgo-legit-external\src\utils\vector.h(51,50): warning C4244: '=': conversion from 'double' to 'float', possible loss of data
C:\Users\ecpp\source\repos\go-kernel\csgo-legit-external\src\utils\vector.h(52,39): warning C4244: '=': conversion from 'double' to 'float', possible loss of data
C:\Users\ecpp\source\repos\go-kernel\csgo-legit-external\src\gui\gui_menu.cpp(169,10): warning C4101: 'hrs': unreferenced local variable
  hacks.cpp
C:\Users\ecpp\source\repos\go-kernel\csgo-legit-external\src\utils\vector.h(6,46): warning C4305: 'initializing': truncation from 'double' to 'const float'
C:\Users\ecpp\source\repos\go-kernel\csgo-legit-external\src\utils\vector.h(51,50): warning C4244: '=': conversion from 'double' to 'float', possible loss of data
C:\Users\ecpp\source\repos\go-kernel\csgo-legit-external\src\utils\vector.h(52,39): warning C4244: '=': conversion from 'double' to 'float', possible loss of data
C:\Users\ecpp\source\repos\go-kernel\csgo-legit-external\src\hacks\hacks.cpp(24,69): warning C4244: 'argument': conversion from 'uintptr_t' to 'uint32_t', possible loss of data
C:\Users\ecpp\source\repos\go-kernel\csgo-legit-external\src\hacks\hacks.cpp(25,71): warning C4244: 'argument': conversion from 'uintptr_t' to 'uint32_t', possible loss of data
C:\Users\ecpp\source\repos\go-kernel\csgo-legit-external\src\hacks\hacks.cpp(26,79): warning C4244: 'argument': conversion from 'uintptr_t' to 'uint32_t', possible loss of data
C:\Users\ecpp\source\repos\go-kernel\csgo-legit-external\src\hacks\hacks.cpp(27,69): warning C4244: 'argument': conversion from 'uintptr_t' to 'uint32_t', possible loss of data
C:\Users\ecpp\source\repos\go-kernel\csgo-legit-external\src\hacks\hacks.cpp(29,81): warning C4244: 'argument': conversion from 'uintptr_t' to 'uint32_t', possible loss of data
C:\Users\ecpp\source\repos\go-kernel\csgo-legit-external\src\hacks\hacks.cpp(69,92): warning C4244: 'argument': conversion from 'uintptr_t' to 'uint32_t', possible loss of data
C:\Users\ecpp\source\repos\go-kernel\csgo-legit-external\src\hacks\hacks.cpp(71,42): warning C4244: 'argument': conversion from 'type' to 'uint32_t', possible loss of data
          with
          [
              type=uintptr_t
          ]
C:\Users\ecpp\source\repos\go-kernel\csgo-legit-external\src\hacks\hacks.cpp(74,34): warning C4244: 'argument': conversion from 'type' to 'uint32_t', possible loss of data
          with
          [
              type=uintptr_t
          ]
C:\Users\ecpp\source\repos\go-kernel\csgo-legit-external\src\hacks\hacks.cpp(77,42): warning C4244: 'argument': conversion from 'type' to 'uint32_t', possible loss of data
          with
          [
              type=uintptr_t
          ]
C:\Users\ecpp\source\repos\go-kernel\csgo-legit-external\src\hacks\hacks.cpp(101,72): warning C4244: 'argument': conversion from 'uintptr_t' to 'uint32_t', possible loss of data
C:\Users\ecpp\source\repos\go-kernel\csgo-legit-external\src\hacks\hacks.cpp(110,72): warning C4244: 'argument': conversion from 'uintptr_t' to 'uint32_t', possible loss of data
C:\Users\ecpp\source\repos\go-kernel\csgo-legit-external\src\hacks\hacks.cpp(124,91): warning C4244: 'argument': conversion from 'uintptr_t' to 'uint32_t', possible loss of data
C:\Users\ecpp\source\repos\go-kernel\csgo-legit-external\src\hacks\hacks.cpp(195,72): warning C4244: 'argument': conversion from 'uintptr_t' to 'uint32_t', possible loss of data
C:\Users\ecpp\source\repos\go-kernel\csgo-legit-external\src\hacks\hacks.cpp(198,72): warning C4244: 'argument': conversion from 'uintptr_t' to 'uint32_t', possible loss of data
C:\Users\ecpp\source\repos\go-kernel\csgo-legit-external\src\hacks\hacks.cpp(242,57): warning C4244: 'argument': conversion from 'uintptr_t' to 'uint32_t', possible loss of data
C:\Users\ecpp\source\repos\go-kernel\csgo-legit-external\src\hacks\hacks.cpp(250,78): warning C4244: 'argument': conversion from 'uintptr_t' to 'uint32_t', possible loss of data
C:\Users\ecpp\source\repos\go-kernel\csgo-legit-external\src\hacks\hacks.cpp(279,59): warning C4244: 'argument': conversion from 'uintptr_t' to 'uint32_t', possible loss of data
C:\Users\ecpp\source\repos\go-kernel\csgo-legit-external\src\hacks\hacks.cpp(303,70): warning C4244: 'argument': conversion from 'uintptr_t' to 'uint32_t', possible loss of data
C:\Users\ecpp\source\repos\go-kernel\csgo-legit-external\src\hacks\hacks.cpp(310,71): warning C4244: 'argument': conversion from 'double' to 'int', possible loss of data
C:\Users\ecpp\source\repos\go-kernel\csgo-legit-external\src\hacks\hacks.cpp(310,40): warning C4244: 'argument': conversion from 'double' to 'int', possible loss of data
