  imgui.cpp
  imgui_demo.cpp
  imgui_draw.cpp
  imgui_impl_dx11.cpp
  imgui_impl_win32.cpp
  imgui_tables.cpp
  imgui_widgets.cpp
  main.cpp
  gui_esp.cpp
C:\Users\ecpp\source\repos\go-kernel\csgo-legit-external\src\gui\gui_esp.h(5,14): error C2143: syntax error: missing ';' before '*'
C:\Users\ecpp\source\repos\go-kernel\csgo-legit-external\src\gui\gui_esp.h(5,14): error C4430: missing type specifier - int assumed. Note: C++ does not support default-int
C:\Users\ecpp\source\repos\go-kernel\csgo-legit-external\src\gui\gui_esp.h(5,25): error C4430: missing type specifier - int assumed. Note: C++ does not support default-int
C:\Users\ecpp\source\repos\go-kernel\csgo-legit-external\src\gui\gui_esp.h(6,21): error C2143: syntax error: missing ';' before '*'
C:\Users\ecpp\source\repos\go-kernel\csgo-legit-external\src\gui\gui_esp.h(6,21): error C4430: missing type specifier - int assumed. Note: C++ does not support default-int
C:\Users\ecpp\source\repos\go-kernel\csgo-legit-external\src\gui\gui_esp.h(6,33): error C4430: missing type specifier - int assumed. Note: C++ does not support default-int
C:\Users\ecpp\source\repos\go-kernel\csgo-legit-external\src\gui\gui_esp.h(7,16): error C2143: syntax error: missing ';' before '*'
C:\Users\ecpp\source\repos\go-kernel\csgo-legit-external\src\gui\gui_esp.h(7,16): error C4430: missing type specifier - int assumed. Note: C++ does not support default-int
C:\Users\ecpp\source\repos\go-kernel\csgo-legit-external\src\gui\gui_esp.h(7,31): error C4430: missing type specifier - int assumed. Note: C++ does not support default-int
C:\Users\ecpp\source\repos\go-kernel\csgo-legit-external\src\gui\gui_esp.h(8,24): error C2143: syntax error: missing ';' before '*'
C:\Users\ecpp\source\repos\go-kernel\csgo-legit-external\src\gui\gui_esp.h(8,24): error C4430: missing type specifier - int assumed. Note: C++ does not support default-int
C:\Users\ecpp\source\repos\go-kernel\csgo-legit-external\src\gui\gui_esp.h(8,47): error C4430: missing type specifier - int assumed. Note: C++ does not support default-int
C:\Users\ecpp\source\repos\go-kernel\csgo-legit-external\src\gui\gui_esp.h(9,34): error C4430: missing type specifier - int assumed. Note: C++ does not support default-int
C:\Users\ecpp\source\repos\go-kernel\csgo-legit-external\src\gui\gui_esp.h(9,20): error C2146: syntax error: missing ';' before identifier 'feature_level'
C:\Users\ecpp\source\repos\go-kernel\csgo-legit-external\src\gui\gui_esp.h(9,36): error C2143: syntax error: missing ';' before '{'
C:\Users\ecpp\source\repos\go-kernel\csgo-legit-external\src\gui\gui_esp.h(9,36): error C2447: '{': missing function header (old-style formal list?)
C:\Users\ecpp\source\repos\go-kernel\csgo-legit-external\src\gui\gui_esp.h(10,19): error C4430: missing type specifier - int assumed. Note: C++ does not support default-int
C:\Users\ecpp\source\repos\go-kernel\csgo-legit-external\src\gui\gui_esp.h(10,14): error C2146: syntax error: missing ';' before identifier 'wcex'
C:\Users\ecpp\source\repos\go-kernel\csgo-legit-external\src\gui\gui_esp.h(10,21): error C2143: syntax error: missing ';' before '{'
C:\Users\ecpp\source\repos\go-kernel\csgo-legit-external\src\gui\gui_esp.h(10,21): error C2447: '{': missing function header (old-style formal list?)
C:\Users\ecpp\source\repos\go-kernel\csgo-legit-external\src\gui\gui_esp.h(11,26): error C4430: missing type specifier - int assumed. Note: C++ does not support default-int
C:\Users\ecpp\source\repos\go-kernel\csgo-legit-external\src\gui\gui_esp.h(11,23): error C2146: syntax error: missing ';' before identifier 'sd'
C:\Users\ecpp\source\repos\go-kernel\csgo-legit-external\src\gui\gui_esp.h(11,28): error C2143: syntax error: missing ';' before '{'
C:\Users\ecpp\source\repos\go-kernel\csgo-legit-external\src\gui\gui_esp.h(11,28): error C2447: '{': missing function header (old-style formal list?)
C:\Users\ecpp\source\repos\go-kernel\csgo-legit-external\src\gui\gui_esp.h(12,14): error C4430: missing type specifier - int assumed. Note: C++ does not support default-int
C:\Users\ecpp\source\repos\go-kernel\csgo-legit-external\src\gui\gui_esp.h(12,7): error C2146: syntax error: missing ';' before identifier 'window'
C:\Users\ecpp\source\repos\go-kernel\csgo-legit-external\src\gui\gui_esp.cpp(37,2): error C2065: 'wcex': undeclared identifier
C:\Users\ecpp\source\repos\go-kernel\csgo-legit-external\src\gui\gui_esp.cpp(38,2): error C2065: 'wcex': undeclared identifier
C:\Users\ecpp\source\repos\go-kernel\csgo-legit-external\src\gui\gui_esp.cpp(39,2): error C2065: 'wcex': undeclared identifier
C:\Users\ecpp\source\repos\go-kernel\csgo-legit-external\src\gui\gui_esp.cpp(40,2): error C2065: 'wcex': undeclared identifier
C:\Users\ecpp\source\repos\go-kernel\csgo-legit-external\src\gui\gui_esp.cpp(41,2): error C2065: 'wcex': undeclared identifier
C:\Users\ecpp\source\repos\go-kernel\csgo-legit-external\src\gui\gui_esp.cpp(42,20): error C2065: 'wcex': undeclared identifier
C:\Users\ecpp\source\repos\go-kernel\csgo-legit-external\src\gui\gui_esp.cpp(44,13): error C4430: missing type specifier - int assumed. Note: C++ does not support default-int
C:\Users\ecpp\source\repos\go-kernel\csgo-legit-external\src\gui\gui_esp.cpp(44,13): error C2146: syntax error: missing ';' before identifier 'window'
C:\Users\ecpp\source\repos\go-kernel\csgo-legit-external\src\gui\gui_esp.cpp(44,13): error C2065: 'window': undeclared identifier
C:\Users\ecpp\source\repos\go-kernel\csgo-legit-external\src\gui\gui_esp.cpp(46,3): error C2065: 'wcex': undeclared identifier
C:\Users\ecpp\source\repos\go-kernel\csgo-legit-external\src\gui\gui_esp.cpp(53,3): error C2065: 'wcex': undeclared identifier
C:\Users\ecpp\source\repos\go-kernel\csgo-legit-external\src\gui\gui_esp.cpp(44,22): error C2660: 'CreateWindowExW': function does not take 10 arguments
C:\Program Files (x86)\Windows Kits\10\Include\10.0.22621.0\um\winuser.h(4433,1): message : see declaration of 'CreateWindowExW'
C:\Users\ecpp\source\repos\go-kernel\csgo-legit-external\src\gui\gui_esp.cpp(44,22): message : while trying to match the argument list '(long, const wchar_t [14], unsigned long, int, int, int, int, int, int, int)'
C:\Users\ecpp\source\repos\go-kernel\csgo-legit-external\src\gui\gui_esp.cpp(57,7): error C2065: 'window': undeclared identifier
C:\Users\ecpp\source\repos\go-kernel\csgo-legit-external\src\gui\gui_esp.cpp(62,17): error C2065: 'window': undeclared identifier
C:\Users\ecpp\source\repos\go-kernel\csgo-legit-external\src\gui\gui_esp.cpp(65,17): error C2065: 'window': undeclared identifier
C:\Users\ecpp\source\repos\go-kernel\csgo-legit-external\src\gui\gui_esp.cpp(68,18): error C2065: 'window': undeclared identifier
C:\Users\ecpp\source\repos\go-kernel\csgo-legit-external\src\gui\gui_esp.cpp(77,32): error C2065: 'window': undeclared identifier
C:\Users\ecpp\source\repos\go-kernel\csgo-legit-external\src\gui\gui_esp.cpp(81,13): error C2065: 'window': undeclared identifier
C:\Users\ecpp\source\repos\go-kernel\csgo-legit-external\src\gui\gui_esp.cpp(82,15): error C2065: 'window': undeclared identifier
C:\Users\ecpp\source\repos\go-kernel\csgo-legit-external\src\gui\gui_esp.cpp(88,2): error C2065: 'sd': undeclared identifier
C:\Users\ecpp\source\repos\go-kernel\csgo-legit-external\src\gui\gui_esp.cpp(89,2): error C2065: 'sd': undeclared identifier
C:\Users\ecpp\source\repos\go-kernel\csgo-legit-external\src\gui\gui_esp.cpp(90,2): error C2065: 'sd': undeclared identifier
C:\Users\ecpp\source\repos\go-kernel\csgo-legit-external\src\gui\gui_esp.cpp(91,2): error C2065: 'sd': undeclared identifier
C:\Users\ecpp\source\repos\go-kernel\csgo-legit-external\src\gui\gui_esp.cpp(92,2): error C2065: 'sd': undeclared identifier
C:\Users\ecpp\source\repos\go-kernel\csgo-legit-external\src\gui\gui_esp.cpp(93,2): error C2065: 'sd': undeclared identifier
C:\Users\ecpp\source\repos\go-kernel\csgo-legit-external\src\gui\gui_esp.cpp(94,2): error C2065: 'sd': undeclared identifier
C:\Users\ecpp\source\repos\go-kernel\csgo-legit-external\src\gui\gui_esp.cpp(94,20): error C2065: 'window': undeclared identifier
C:\Users\ecpp\source\repos\go-kernel\csgo-legit-external\src\gui\gui_esp.cpp(95,2): error C2065: 'sd': undeclared identifier
C:\Users\ecpp\source\repos\go-kernel\csgo-legit-external\src\gui\gui_esp.cpp(96,2): error C2065: 'sd': undeclared identifier
C:\Users\ecpp\source\repos\go-kernel\csgo-legit-external\src\gui\gui_esp.cpp(97,2): error C2065: 'sd': undeclared identifier
C:\Users\ecpp\source\repos\go-kernel\csgo-legit-external\src\gui\gui_esp.cpp(99,36): error C4430: missing type specifier - int assumed. Note: C++ does not support default-int
C:\Users\ecpp\source\repos\go-kernel\csgo-legit-external\src\gui\gui_esp.cpp(99,36): error C2737: 'D3D_FEATURE_LEVEL': constexpr object must be initialized
C:\Users\ecpp\source\repos\go-kernel\csgo-legit-external\src\gui\gui_esp.cpp(99,12): error C2737: 'D3D_FEATURE_LEVEL': constexpr object must be initialized
C:\Users\ecpp\source\repos\go-kernel\csgo-legit-external\src\gui\gui_esp.cpp(99,30): error C2146: syntax error: missing ';' before identifier 'levels'
C:\Users\ecpp\source\repos\go-kernel\csgo-legit-external\src\gui\gui_esp.cpp(99,30): error C2065: 'levels': undeclared identifier
C:\Users\ecpp\source\repos\go-kernel\csgo-legit-external\src\gui\gui_esp.cpp(109,3): error C2065: 'levels': undeclared identifier
C:\Users\ecpp\source\repos\go-kernel\csgo-legit-external\src\gui\gui_esp.cpp(112,4): error C2065: 'sd': undeclared identifier
C:\Users\ecpp\source\repos\go-kernel\csgo-legit-external\src\gui\gui_esp.cpp(115,4): error C2065: 'feature_level': undeclared identifier
C:\Users\ecpp\source\repos\go-kernel\csgo-legit-external\src\gui\gui_esp.cpp(148,57): warning C4244: 'argument': conversion from 'uintptr_t' to 'uint32_t', possible loss of data
C:\Users\ecpp\source\repos\go-kernel\csgo-legit-external\src\gui\gui_esp.cpp(153,70): warning C4244: 'argument': conversion from 'uintptr_t' to 'uint32_t', possible loss of data
C:\Users\ecpp\source\repos\go-kernel\csgo-legit-external\src\gui\gui_esp.cpp(172,68): warning C4244: 'argument': conversion from 'uintptr_t' to 'uint32_t', possible loss of data
C:\Users\ecpp\source\repos\go-kernel\csgo-legit-external\src\gui\gui_esp.cpp(179,89): warning C4267: 'argument': conversion from 'size_t' to 'uint32_t', possible loss of data
C:\Users\ecpp\source\repos\go-kernel\csgo-legit-external\src\gui\gui_esp.cpp(195,94): warning C4244: 'argument': conversion from 'type' to 'uint32_t', possible loss of data
          with
          [
              type=uintptr_t
          ]
C:\Users\ecpp\source\repos\go-kernel\csgo-legit-external\src\gui\gui_esp.cpp(196,103): warning C4267: 'argument': conversion from 'size_t' to 'uint32_t', possible loss of data
C:\Users\ecpp\source\repos\go-kernel\csgo-legit-external\src\gui\gui_esp.cpp(196,83): warning C4244: 'argument': conversion from 'type' to 'uint32_t', possible loss of data
          with
          [
              type=uintptr_t
          ]
C:\Users\ecpp\source\repos\go-kernel\csgo-legit-external\src\gui\gui_esp.cpp(207,14): warning C4244: 'initializing': conversion from 'float' to 'int', possible loss of data
C:\Users\ecpp\source\repos\go-kernel\csgo-legit-external\src\gui\gui_esp.cpp(212,18): warning C4244: 'initializing': conversion from 'int' to 'float', possible loss of data
C:\Users\ecpp\source\repos\go-kernel\csgo-legit-external\src\gui\gui_esp.cpp(215,28): warning C4838: conversion from 'float' to 'LONG' requires a narrowing conversion
C:\Users\ecpp\source\repos\go-kernel\csgo-legit-external\src\gui\gui_esp.cpp(215,28): warning C4244: 'initializing': conversion from 'float' to 'LONG', possible loss of data
C:\Users\ecpp\source\repos\go-kernel\csgo-legit-external\src\gui\gui_esp.cpp(215,49): warning C4838: conversion from 'float' to 'LONG' requires a narrowing conversion
C:\Users\ecpp\source\repos\go-kernel\csgo-legit-external\src\gui\gui_esp.cpp(215,49): warning C4244: 'initializing': conversion from 'float' to 'LONG', possible loss of data
C:\Users\ecpp\source\repos\go-kernel\csgo-legit-external\src\gui\gui_esp.cpp(215,59): warning C4838: conversion from 'float' to 'LONG' requires a narrowing conversion
C:\Users\ecpp\source\repos\go-kernel\csgo-legit-external\src\gui\gui_esp.cpp(215,59): warning C4244: 'initializing': conversion from 'float' to 'LONG', possible loss of data
C:\Users\ecpp\source\repos\go-kernel\csgo-legit-external\src\gui\gui_esp.cpp(215,69): warning C4838: conversion from 'float' to 'LONG' requires a narrowing conversion
C:\Users\ecpp\source\repos\go-kernel\csgo-legit-external\src\gui\gui_esp.cpp(215,69): warning C4244: 'initializing': conversion from 'float' to 'LONG', possible loss of data
C:\Users\ecpp\source\repos\go-kernel\csgo-legit-external\src\gui\gui_esp.cpp(219,18): warning C4244: 'initializing': conversion from 'float' to 'int', possible loss of data
C:\Users\ecpp\source\repos\go-kernel\csgo-legit-external\src\gui\gui_esp.cpp(220,107): warning C4244: 'argument': conversion from 'int' to 'float', possible loss of data
C:\Users\ecpp\source\repos\go-kernel\csgo-legit-external\src\gui\gui_esp.cpp(224,64): warning C4244: 'argument': conversion from 'int' to 'float', possible loss of data
C:\Users\ecpp\source\repos\go-kernel\csgo-legit-external\src\gui\gui_esp.cpp(273,16): error C2065: 'window': undeclared identifier
C:\Users\ecpp\source\repos\go-kernel\csgo-legit-external\src\gui\gui_esp.cpp(274,19): error C2065: 'wcex': undeclared identifier
C:\Users\ecpp\source\repos\go-kernel\csgo-legit-external\src\gui\gui_esp.cpp(274,39): error C2065: 'wcex': undeclared identifier
C:\Users\ecpp\source\repos\go-kernel\csgo-legit-external\src\gui\gui_esp.cpp(274,2): error C2660: 'UnregisterClassW': function does not take 1 arguments
C:\Program Files (x86)\Windows Kits\10\Include\10.0.22621.0\um\winuser.h(4307,1): message : see declaration of 'UnregisterClassW'
C:\Users\ecpp\source\repos\go-kernel\csgo-legit-external\src\gui\gui_esp.cpp(274,2): message : while trying to match the argument list '()'
  hacks.cpp
C:\Users\ecpp\source\repos\go-kernel\csgo-legit-external\globals.h(9,29): error C2374: 'offset::cs_gamerules_data': redefinition; multiple initialization
C:\Users\ecpp\Desktop\simple-csgo-external\csgo-legit-external\globals.h(9,29): message : see declaration of 'offset::cs_gamerules_data'
C:\Users\ecpp\source\repos\go-kernel\csgo-legit-external\globals.h(10,29): error C2374: 'offset::m_ArmorValue': redefinition; multiple initialization
C:\Users\ecpp\Desktop\simple-csgo-external\csgo-legit-external\globals.h(10,29): message : see declaration of 'offset::m_ArmorValue'
C:\Users\ecpp\source\repos\go-kernel\csgo-legit-external\globals.h(11,29): error C2374: 'offset::m_Collision': redefinition; multiple initialization
C:\Users\ecpp\Desktop\simple-csgo-external\csgo-legit-external\globals.h(11,29): message : see declaration of 'offset::m_Collision'
C:\Users\ecpp\source\repos\go-kernel\csgo-legit-external\globals.h(12,29): error C2374: 'offset::m_CollisionGroup': redefinition; multiple initialization
C:\Users\ecpp\Desktop\simple-csgo-external\csgo-legit-external\globals.h(12,29): message : see declaration of 'offset::m_CollisionGroup'
C:\Users\ecpp\source\repos\go-kernel\csgo-legit-external\globals.h(13,29): error C2374: 'offset::m_Local': redefinition; multiple initialization
C:\Users\ecpp\Desktop\simple-csgo-external\csgo-legit-external\globals.h(13,29): message : see declaration of 'offset::m_Local'
C:\Users\ecpp\source\repos\go-kernel\csgo-legit-external\globals.h(14,29): error C2374: 'offset::m_MoveType': redefinition; multiple initialization
C:\Users\ecpp\Desktop\simple-csgo-external\csgo-legit-external\globals.h(14,29): message : see declaration of 'offset::m_MoveType'
C:\Users\ecpp\source\repos\go-kernel\csgo-legit-external\globals.h(15,29): error C2374: 'offset::m_OriginalOwnerXuidHigh': redefinition; multiple initialization
C:\Users\ecpp\Desktop\simple-csgo-external\csgo-legit-external\globals.h(15,29): message : see declaration of 'offset::m_OriginalOwnerXuidHigh'
C:\Users\ecpp\source\repos\go-kernel\csgo-legit-external\globals.h(16,29): error C2374: 'offset::m_OriginalOwnerXuidLow': redefinition; multiple initialization
C:\Users\ecpp\Desktop\simple-csgo-external\csgo-legit-external\globals.h(16,29): message : see declaration of 'offset::m_OriginalOwnerXuidLow'
C:\Users\ecpp\source\repos\go-kernel\csgo-legit-external\globals.h(17,29): error C2374: 'offset::m_SurvivalGameRuleDecisionTypes': redefinition; multiple initialization
C:\Users\ecpp\Desktop\simple-csgo-external\csgo-legit-external\globals.h(17,29): message : see declaration of 'offset::m_SurvivalGameRuleDecisionTypes'
C:\Users\ecpp\source\repos\go-kernel\csgo-legit-external\globals.h(18,29): error C2374: 'offset::m_SurvivalRules': redefinition; multiple initialization
C:\Users\ecpp\Desktop\simple-csgo-external\csgo-legit-external\globals.h(18,29): message : see declaration of 'offset::m_SurvivalRules'
C:\Users\ecpp\source\repos\go-kernel\csgo-legit-external\globals.h(19,29): error C2374: 'offset::m_aimPunchAngle': redefinition; multiple initialization
C:\Users\ecpp\Desktop\simple-csgo-external\csgo-legit-external\globals.h(19,29): message : see declaration of 'offset::m_aimPunchAngle'
C:\Users\ecpp\source\repos\go-kernel\csgo-legit-external\globals.h(20,29): error C2374: 'offset::m_aimPunchAngleVel': redefinition; multiple initialization
C:\Users\ecpp\Desktop\simple-csgo-external\csgo-legit-external\globals.h(20,29): message : see declaration of 'offset::m_aimPunchAngleVel'
C:\Users\ecpp\source\repos\go-kernel\csgo-legit-external\globals.h(21,29): error C2374: 'offset::m_angEyeAnglesX': redefinition; multiple initialization
C:\Users\ecpp\Desktop\simple-csgo-external\csgo-legit-external\globals.h(21,29): message : see declaration of 'offset::m_angEyeAnglesX'
C:\Users\ecpp\source\repos\go-kernel\csgo-legit-external\globals.h(22,29): error C2374: 'offset::m_angEyeAnglesY': redefinition; multiple initialization
C:\Users\ecpp\Desktop\simple-csgo-external\csgo-legit-external\globals.h(22,29): message : see declaration of 'offset::m_angEyeAnglesY'
C:\Users\ecpp\source\repos\go-kernel\csgo-legit-external\globals.h(23,29): error C2374: 'offset::m_bBombDefused': redefinition; multiple initialization
C:\Users\ecpp\Desktop\simple-csgo-external\csgo-legit-external\globals.h(23,29): message : see declaration of 'offset::m_bBombDefused'
C:\Users\ecpp\source\repos\go-kernel\csgo-legit-external\globals.h(24,29): error C2374: 'offset::m_bBombPlanted': redefinition; multiple initialization
C:\Users\ecpp\Desktop\simple-csgo-external\csgo-legit-external\globals.h(24,29): message : see declaration of 'offset::m_bBombPlanted'
C:\Users\ecpp\source\repos\go-kernel\csgo-legit-external\globals.h(25,29): error C2374: 'offset::m_bBombTicking': redefinition; multiple initialization
C:\Users\ecpp\Desktop\simple-csgo-external\csgo-legit-external\globals.h(25,29): message : see declaration of 'offset::m_bBombTicking'
C:\Users\ecpp\source\repos\go-kernel\csgo-legit-external\globals.h(26,29): error C2374: 'offset::m_bFreezePeriod': redefinition; multiple initialization
C:\Users\ecpp\Desktop\simple-csgo-external\csgo-legit-external\globals.h(26,29): message : see declaration of 'offset::m_bFreezePeriod'
C:\Users\ecpp\source\repos\go-kernel\csgo-legit-external\globals.h(27,29): error C2374: 'offset::m_bGunGameImmunity': redefinition; multiple initialization
C:\Users\ecpp\Desktop\simple-csgo-external\csgo-legit-external\globals.h(27,29): message : see declaration of 'offset::m_bGunGameImmunity'
C:\Users\ecpp\source\repos\go-kernel\csgo-legit-external\globals.h(28,29): error C2374: 'offset::m_bHasDefuser': redefinition; multiple initialization
C:\Users\ecpp\Desktop\simple-csgo-external\csgo-legit-external\globals.h(28,29): message : see declaration of 'offset::m_bHasDefuser'
C:\Users\ecpp\source\repos\go-kernel\csgo-legit-external\globals.h(29,29): error C2374: 'offset::m_bHasHelmet': redefinition; multiple initialization
C:\Users\ecpp\Desktop\simple-csgo-external\csgo-legit-external\globals.h(29,29): message : see declaration of 'offset::m_bHasHelmet'
C:\Users\ecpp\source\repos\go-kernel\csgo-legit-external\globals.h(30,29): error C2374: 'offset::m_bInReload': redefinition; multiple initialization
C:\Users\ecpp\Desktop\simple-csgo-external\csgo-legit-external\globals.h(30,29): message : see declaration of 'offset::m_bInReload'
C:\Users\ecpp\source\repos\go-kernel\csgo-legit-external\globals.h(31,29): error C2374: 'offset::m_bIsDefusing': redefinition; multiple initialization
C:\Users\ecpp\Desktop\simple-csgo-external\csgo-legit-external\globals.h(31,29): message : see declaration of 'offset::m_bIsDefusing'
C:\Users\ecpp\source\repos\go-kernel\csgo-legit-external\globals.h(32,29): error C2374: 'offset::m_bIsQueuedMatchmaking': redefinition; multiple initialization
C:\Users\ecpp\Desktop\simple-csgo-external\csgo-legit-external\globals.h(32,29): message : see declaration of 'offset::m_bIsQueuedMatchmaking'
C:\Users\ecpp\source\repos\go-kernel\csgo-legit-external\globals.h(33,29): error C2374: 'offset::m_bIsScoped': redefinition; multiple initialization
C:\Users\ecpp\Desktop\simple-csgo-external\csgo-legit-external\globals.h(33,29): message : see declaration of 'offset::m_bIsScoped'
C:\Users\ecpp\source\repos\go-kernel\csgo-legit-external\globals.h(34,29): error C2374: 'offset::m_bIsValveDS': redefinition; multiple initialization
C:\Users\ecpp\Desktop\simple-csgo-external\csgo-legit-external\globals.h(34,29): message : see declaration of 'offset::m_bIsValveDS'
C:\Users\ecpp\source\repos\go-kernel\csgo-legit-external\globals.h(35,29): error C2374: 'offset::m_bSpotted': redefinition; multiple initialization
C:\Users\ecpp\Desktop\simple-csgo-external\csgo-legit-external\globals.h(35,29): message : see declaration of 'offset::m_bSpotted'
C:\Users\ecpp\source\repos\go-kernel\csgo-legit-external\globals.h(36,29): error C2374: 'offset::m_bSpottedByMask': redefinition; multiple initialization
C:\Users\ecpp\Desktop\simple-csgo-external\csgo-legit-external\globals.h(36,29): message : see declaration of 'offset::m_bSpottedByMask'
C:\Users\ecpp\source\repos\go-kernel\csgo-legit-external\globals.h(37,29): error C2374: 'offset::m_bStartedArming': redefinition; multiple initialization
C:\Users\ecpp\Desktop\simple-csgo-external\csgo-legit-external\globals.h(37,29): message : see declaration of 'offset::m_bStartedArming'
C:\Users\ecpp\source\repos\go-kernel\csgo-legit-external\globals.h(38,29): error C2374: 'offset::m_bUseCustomAutoExposureMax': redefinition; multiple initialization
C:\Users\ecpp\Desktop\simple-csgo-external\csgo-legit-external\globals.h(38,29): message : see declaration of 'offset::m_bUseCustomAutoExposureMax'
C:\Users\ecpp\source\repos\go-kernel\csgo-legit-external\globals.h(39,29): error C2374: 'offset::m_bUseCustomAutoExposureMin': redefinition; multiple initialization
C:\Users\ecpp\Desktop\simple-csgo-external\csgo-legit-external\globals.h(39,29): message : see declaration of 'offset::m_bUseCustomAutoExposureMin'
C:\Users\ecpp\source\repos\go-kernel\csgo-legit-external\globals.h(40,29): error C2374: 'offset::m_bUseCustomBloomScale': redefinition; multiple initialization
C:\Users\ecpp\Desktop\simple-csgo-external\csgo-legit-external\globals.h(40,29): message : see declaration of 'offset::m_bUseCustomBloomScale'
C:\Users\ecpp\source\repos\go-kernel\csgo-legit-external\globals.h(41,29): error C2374: 'offset::m_clrRender': redefinition; multiple initialization
C:\Users\ecpp\Desktop\simple-csgo-external\csgo-legit-external\globals.h(41,29): message : see declaration of 'offset::m_clrRender'
C:\Users\ecpp\source\repos\go-kernel\csgo-legit-external\globals.h(42,29): error C2374: 'offset::m_dwBoneMatrix': redefinition; multiple initialization
C:\Users\ecpp\Desktop\simple-csgo-external\csgo-legit-external\globals.h(42,29): message : see declaration of 'offset::m_dwBoneMatrix'
C:\Users\ecpp\source\repos\go-kernel\csgo-legit-external\globals.h(43,29): error C2374: 'offset::m_fAccuracyPenalty': redefinition; multiple initialization
C:\Users\ecpp\Desktop\simple-csgo-external\csgo-legit-external\globals.h(43,29): message : see declaration of 'offset::m_fAccuracyPenalty'
C:\Users\ecpp\source\repos\go-kernel\csgo-legit-external\globals.h(44,29): error C2374: 'offset::m_fFlags': redefinition; multiple initialization
C:\Users\ecpp\Desktop\simple-csgo-external\csgo-legit-external\globals.h(44,29): message : see declaration of 'offset::m_fFlags'
C:\Users\ecpp\source\repos\go-kernel\csgo-legit-external\globals.h(45,29): error C2374: 'offset::m_flC4Blow': redefinition; multiple initialization
C:\Users\ecpp\Desktop\simple-csgo-external\csgo-legit-external\globals.h(45,29): message : see declaration of 'offset::m_flC4Blow'
C:\Users\ecpp\source\repos\go-kernel\csgo-legit-external\globals.h(46,29): error C2374: 'offset::m_flCustomAutoExposureMax': redefinition; multiple initialization
C:\Users\ecpp\Desktop\simple-csgo-external\csgo-legit-external\globals.h(46,29): message : see declaration of 'offset::m_flCustomAutoExposureMax'
C:\Users\ecpp\source\repos\go-kernel\csgo-legit-external\globals.h(47,29): error C2374: 'offset::m_flCustomAutoExposureMin': redefinition; multiple initialization
C:\Users\ecpp\Desktop\simple-csgo-external\csgo-legit-external\globals.h(47,29): message : see declaration of 'offset::m_flCustomAutoExposureMin'
C:\Users\ecpp\source\repos\go-kernel\csgo-legit-external\globals.h(48,29): error C2374: 'offset::m_flCustomBloomScale': redefinition; multiple initialization
C:\Users\ecpp\Desktop\simple-csgo-external\csgo-legit-external\globals.h(48,29): message : see declaration of 'offset::m_flCustomBloomScale'
C:\Users\ecpp\source\repos\go-kernel\csgo-legit-external\globals.h(49,29): error C2374: 'offset::m_flDefuseCountDown': redefinition; multiple initialization
C:\Users\ecpp\Desktop\simple-csgo-external\csgo-legit-external\globals.h(49,29): message : see declaration of 'offset::m_flDefuseCountDown'
C:\Users\ecpp\source\repos\go-kernel\csgo-legit-external\globals.h(50,29): error C2374: 'offset::m_flDefuseLength': redefinition; multiple initialization
C:\Users\ecpp\Desktop\simple-csgo-external\csgo-legit-external\globals.h(50,29): message : see declaration of 'offset::m_flDefuseLength'
C:\Users\ecpp\source\repos\go-kernel\csgo-legit-external\globals.h(51,29): error C2374: 'offset::m_flFallbackWear': redefinition; multiple initialization
C:\Users\ecpp\Desktop\simple-csgo-external\csgo-legit-external\globals.h(51,29): message : see declaration of 'offset::m_flFallbackWear'
C:\Users\ecpp\source\repos\go-kernel\csgo-legit-external\globals.h(52,29): error C2374: 'offset::m_flFlashDuration': redefinition; multiple initialization
C:\Users\ecpp\Desktop\simple-csgo-external\csgo-legit-external\globals.h(52,29): message : see declaration of 'offset::m_flFlashDuration'
C:\Users\ecpp\source\repos\go-kernel\csgo-legit-external\globals.h(53,29): error C2374: 'offset::m_flFlashMaxAlpha': redefinition; multiple initialization
C:\Users\ecpp\Desktop\simple-csgo-external\csgo-legit-external\globals.h(53,29): message : see declaration of 'offset::m_flFlashMaxAlpha'
C:\Users\ecpp\source\repos\go-kernel\csgo-legit-external\globals.h(54,29): error C2374: 'offset::m_flLastBoneSetupTime': redefinition; multiple initialization
C:\Users\ecpp\Desktop\simple-csgo-external\csgo-legit-external\globals.h(54,29): message : see declaration of 'offset::m_flLastBoneSetupTime'
C:\Users\ecpp\source\repos\go-kernel\csgo-legit-external\globals.h(55,29): error C2374: 'offset::m_flLowerBodyYawTarget': redefinition; multiple initialization
C:\Users\ecpp\Desktop\simple-csgo-external\csgo-legit-external\globals.h(55,29): message : see declaration of 'offset::m_flLowerBodyYawTarget'
C:\Users\ecpp\source\repos\go-kernel\csgo-legit-external\globals.h(56,29): error C2374: 'offset::m_flNextAttack': redefinition; multiple initialization
C:\Users\ecpp\Desktop\simple-csgo-external\csgo-legit-external\globals.h(56,29): message : see declaration of 'offset::m_flNextAttack'
C:\Users\ecpp\source\repos\go-kernel\csgo-legit-external\globals.h(57,29): error C2374: 'offset::m_flNextPrimaryAttack': redefinition; multiple initialization
C:\Users\ecpp\Desktop\simple-csgo-external\csgo-legit-external\globals.h(57,29): message : see declaration of 'offset::m_flNextPrimaryAttack'
C:\Users\ecpp\source\repos\go-kernel\csgo-legit-external\globals.h(58,29): error C2374: 'offset::m_flSimulationTime': redefinition; multiple initialization
C:\Users\ecpp\Desktop\simple-csgo-external\csgo-legit-external\globals.h(58,29): message : see declaration of 'offset::m_flSimulationTime'
C:\Users\ecpp\source\repos\go-kernel\csgo-legit-external\globals.h(59,29): error C2374: 'offset::m_flTimerLength': redefinition; multiple initialization
C:\Users\ecpp\Desktop\simple-csgo-external\csgo-legit-external\globals.h(59,29): message : see declaration of 'offset::m_flTimerLength'
C:\Users\ecpp\source\repos\go-kernel\csgo-legit-external\globals.h(60,29): error C2374: 'offset::m_hActiveWeapon': redefinition; multiple initialization
C:\Users\ecpp\Desktop\simple-csgo-external\csgo-legit-external\globals.h(60,29): message : see declaration of 'offset::m_hActiveWeapon'
C:\Users\ecpp\source\repos\go-kernel\csgo-legit-external\globals.h(61,29): error C2374: 'offset::m_hBombDefuser': redefinition; multiple initialization
C:\Users\ecpp\Desktop\simple-csgo-external\csgo-legit-external\globals.h(61,29): message : see declaration of 'offset::m_hBombDefuser'
C:\Users\ecpp\source\repos\go-kernel\csgo-legit-external\globals.h(62,29): error C2374: 'offset::m_hMyWeapons': redefinition; multiple initialization
C:\Users\ecpp\Desktop\simple-csgo-external\csgo-legit-external\globals.h(62,29): message : see declaration of 'offset::m_hMyWeapons'
C:\Users\ecpp\source\repos\go-kernel\csgo-legit-external\globals.h(63,29): error C2374: 'offset::m_hObserverTarget': redefinition; multiple initialization
C:\Users\ecpp\Desktop\simple-csgo-external\csgo-legit-external\globals.h(63,29): message : see declaration of 'offset::m_hObserverTarget'
C:\Users\ecpp\source\repos\go-kernel\csgo-legit-external\globals.h(64,29): error C2374: 'offset::m_hOwner': redefinition; multiple initialization
C:\Users\ecpp\Desktop\simple-csgo-external\csgo-legit-external\globals.h(64,29): message : see declaration of 'offset::m_hOwner'
C:\Users\ecpp\source\repos\go-kernel\csgo-legit-external\globals.h(65,29): error C2374: 'offset::m_hOwnerEntity': redefinition; multiple initialization
C:\Users\ecpp\Desktop\simple-csgo-external\csgo-legit-external\globals.h(65,29): message : see declaration of 'offset::m_hOwnerEntity'
C:\Users\ecpp\source\repos\go-kernel\csgo-legit-external\globals.h(66,29): error C2374: 'offset::m_hViewModel': redefinition; multiple initialization
C:\Users\ecpp\Desktop\simple-csgo-external\csgo-legit-external\globals.h(66,29): message : see declaration of 'offset::m_hViewModel'
C:\Users\ecpp\source\repos\go-kernel\csgo-legit-external\globals.h(67,29): error C2374: 'offset::m_iAccountID': redefinition; multiple initialization
C:\Users\ecpp\Desktop\simple-csgo-external\csgo-legit-external\globals.h(67,29): message : see declaration of 'offset::m_iAccountID'
C:\Users\ecpp\source\repos\go-kernel\csgo-legit-external\globals.h(68,29): error C2374: 'offset::m_iClip1': redefinition; multiple initialization
C:\Users\ecpp\Desktop\simple-csgo-external\csgo-legit-external\globals.h(68,29): message : see declaration of 'offset::m_iClip1'
C:\Users\ecpp\source\repos\go-kernel\csgo-legit-external\globals.h(69,29): error C2374: 'offset::m_iCompetitiveRanking': redefinition; multiple initialization
C:\Users\ecpp\Desktop\simple-csgo-external\csgo-legit-external\globals.h(69,29): message : see declaration of 'offset::m_iCompetitiveRanking'
C:\Users\ecpp\source\repos\go-kernel\csgo-legit-external\globals.h(70,29): error C2374: 'offset::m_iCompetitiveWins': redefinition; multiple initialization
C:\Users\ecpp\Desktop\simple-csgo-external\csgo-legit-external\globals.h(70,29): message : see declaration of 'offset::m_iCompetitiveWins'
C:\Users\ecpp\source\repos\go-kernel\csgo-legit-external\globals.h(71,29): error C2374: 'offset::m_iCrosshairId': redefinition; multiple initialization
C:\Users\ecpp\Desktop\simple-csgo-external\csgo-legit-external\globals.h(71,29): message : see declaration of 'offset::m_iCrosshairId'
C:\Users\ecpp\source\repos\go-kernel\csgo-legit-external\globals.h(72,29): error C2374: 'offset::m_iDefaultFOV': redefinition; multiple initialization
C:\Users\ecpp\Desktop\simple-csgo-external\csgo-legit-external\globals.h(72,29): message : see declaration of 'offset::m_iDefaultFOV'
C:\Users\ecpp\source\repos\go-kernel\csgo-legit-external\globals.h(73,29): error C2374: 'offset::m_iEntityQuality': redefinition; multiple initialization
C:\Users\ecpp\Desktop\simple-csgo-external\csgo-legit-external\globals.h(73,29): message : see declaration of 'offset::m_iEntityQuality'
C:\Users\ecpp\source\repos\go-kernel\csgo-legit-external\globals.h(74,29): error C2374: 'offset::m_iFOV': redefinition; multiple initialization
C:\Users\ecpp\Desktop\simple-csgo-external\csgo-legit-external\globals.h(74,29): message : see declaration of 'offset::m_iFOV'
C:\Users\ecpp\source\repos\go-kernel\csgo-legit-external\globals.h(75,29): error C2374: 'offset::m_iFOVStart': redefinition; multiple initialization
C:\Users\ecpp\Desktop\simple-csgo-external\csgo-legit-external\globals.h(75,29): message : see declaration of 'offset::m_iFOVStart'
C:\Users\ecpp\source\repos\go-kernel\csgo-legit-external\globals.h(76,29): error C2374: 'offset::m_iGlowIndex': redefinition; multiple initialization
C:\Users\ecpp\Desktop\simple-csgo-external\csgo-legit-external\globals.h(76,29): message : see declaration of 'offset::m_iGlowIndex'
C:\Users\ecpp\source\repos\go-kernel\csgo-legit-external\globals.h(77,29): error C2374: 'offset::m_iHealth': redefinition; multiple initialization
C:\Users\ecpp\Desktop\simple-csgo-external\csgo-legit-external\globals.h(77,29): message : see declaration of 'offset::m_iHealth'
C:\Users\ecpp\source\repos\go-kernel\csgo-legit-external\globals.h(78,29): error C2374: 'offset::m_iItemDefinitionIndex': redefinition; multiple initialization
C:\Users\ecpp\Desktop\simple-csgo-external\csgo-legit-external\globals.h(78,29): message : see declaration of 'offset::m_iItemDefinitionIndex'
C:\Users\ecpp\source\repos\go-kernel\csgo-legit-external\globals.h(79,29): error C2374: 'offset::m_iItemIDHigh': redefinition; multiple initialization
C:\Users\ecpp\Desktop\simple-csgo-external\csgo-legit-external\globals.h(79,29): message : see declaration of 'offset::m_iItemIDHigh'
C:\Users\ecpp\source\repos\go-kernel\csgo-legit-external\globals.h(80,29): error C2374: 'offset::m_iMostRecentModelBoneCounter': redefinition; multiple initialization
C:\Users\ecpp\Desktop\simple-csgo-external\csgo-legit-external\globals.h(80,29): message : see declaration of 'offset::m_iMostRecentModelBoneCounter'
C:\Users\ecpp\source\repos\go-kernel\csgo-legit-external\globals.h(81,29): error C2374: 'offset::m_iObserverMode': redefinition; multiple initialization
C:\Users\ecpp\Desktop\simple-csgo-external\csgo-legit-external\globals.h(81,29): message : see declaration of 'offset::m_iObserverMode'
C:\Users\ecpp\source\repos\go-kernel\csgo-legit-external\globals.h(82,29): error C2374: 'offset::m_iShotsFired': redefinition; multiple initialization
C:\Users\ecpp\Desktop\simple-csgo-external\csgo-legit-external\globals.h(82,29): message : see declaration of 'offset::m_iShotsFired'
C:\Users\ecpp\source\repos\go-kernel\csgo-legit-external\globals.h(83,29): error C2374: 'offset::m_iState': redefinition; multiple initialization
C:\Users\ecpp\Desktop\simple-csgo-external\csgo-legit-external\globals.h(83,29): message : see declaration of 'offset::m_iState'
C:\Users\ecpp\source\repos\go-kernel\csgo-legit-external\globals.h(84,29): error C2374: 'offset::m_iTeamNum': redefinition; multiple initialization
C:\Users\ecpp\Desktop\simple-csgo-external\csgo-legit-external\globals.h(84,29): message : see declaration of 'offset::m_iTeamNum'
C:\Users\ecpp\source\repos\go-kernel\csgo-legit-external\globals.h(85,29): error C2374: 'offset::m_lifeState': redefinition; multiple initialization
C:\Users\ecpp\Desktop\simple-csgo-external\csgo-legit-external\globals.h(85,29): message : see declaration of 'offset::m_lifeState'
C:\Users\ecpp\source\repos\go-kernel\csgo-legit-external\globals.h(86,29): error C2374: 'offset::m_nBombSite': redefinition; multiple initialization
C:\Users\ecpp\Desktop\simple-csgo-external\csgo-legit-external\globals.h(86,29): message : see declaration of 'offset::m_nBombSite'
C:\Users\ecpp\source\repos\go-kernel\csgo-legit-external\globals.h(87,29): error C2374: 'offset::m_nFallbackPaintKit': redefinition; multiple initialization
C:\Users\ecpp\Desktop\simple-csgo-external\csgo-legit-external\globals.h(87,29): message : see declaration of 'offset::m_nFallbackPaintKit'
C:\Users\ecpp\source\repos\go-kernel\csgo-legit-external\globals.h(88,29): error C2374: 'offset::m_nFallbackSeed': redefinition; multiple initialization
C:\Users\ecpp\Desktop\simple-csgo-external\csgo-legit-external\globals.h(88,29): message : see declaration of 'offset::m_nFallbackSeed'
C:\Users\ecpp\source\repos\go-kernel\csgo-legit-external\globals.h(89,29): error C2374: 'offset::m_nFallbackStatTrak': redefinition; multiple initialization
C:\Users\ecpp\Desktop\simple-csgo-external\csgo-legit-external\globals.h(89,29): message : see declaration of 'offset::m_nFallbackStatTrak'
C:\Users\ecpp\source\repos\go-kernel\csgo-legit-external\globals.h(90,29): error C2374: 'offset::m_nForceBone': redefinition; multiple initialization
C:\Users\ecpp\Desktop\simple-csgo-external\csgo-legit-external\globals.h(90,29): message : see declaration of 'offset::m_nForceBone'
C:\Users\ecpp\source\repos\go-kernel\csgo-legit-external\globals.h(91,29): error C2374: 'offset::m_nModelIndex': redefinition; multiple initialization
C:\Users\ecpp\Desktop\simple-csgo-external\csgo-legit-external\globals.h(91,29): message : see declaration of 'offset::m_nModelIndex'
C:\Users\ecpp\source\repos\go-kernel\csgo-legit-external\globals.h(92,29): error C2374: 'offset::m_nTickBase': redefinition; multiple initialization
C:\Users\ecpp\Desktop\simple-csgo-external\csgo-legit-external\globals.h(92,29): message : see declaration of 'offset::m_nTickBase'
C:\Users\ecpp\source\repos\go-kernel\csgo-legit-external\globals.h(93,29): error C2374: 'offset::m_nViewModelIndex': redefinition; multiple initialization
C:\Users\ecpp\Desktop\simple-csgo-external\csgo-legit-external\globals.h(93,29): message : see declaration of 'offset::m_nViewModelIndex'
C:\Users\ecpp\source\repos\go-kernel\csgo-legit-external\globals.h(94,29): error C2374: 'offset::m_rgflCoordinateFrame': redefinition; multiple initialization
C:\Users\ecpp\Desktop\simple-csgo-external\csgo-legit-external\globals.h(94,29): message : see declaration of 'offset::m_rgflCoordinateFrame'
C:\Users\ecpp\source\repos\go-kernel\csgo-legit-external\globals.h(95,29): error C2374: 'offset::m_szCustomName': redefinition; multiple initialization
C:\Users\ecpp\Desktop\simple-csgo-external\csgo-legit-external\globals.h(95,29): message : see declaration of 'offset::m_szCustomName'
C:\Users\ecpp\source\repos\go-kernel\csgo-legit-external\globals.h(96,29): error C2374: 'offset::m_szLastPlaceName': redefinition; multiple initialization
C:\Users\ecpp\Desktop\simple-csgo-external\csgo-legit-external\globals.h(96,29): message : see declaration of 'offset::m_szLastPlaceName'
C:\Users\ecpp\source\repos\go-kernel\csgo-legit-external\globals.h(97,29): error C2374: 'offset::m_thirdPersonViewAngles': redefinition; multiple initialization
C:\Users\ecpp\Desktop\simple-csgo-external\csgo-legit-external\globals.h(97,29): message : see declaration of 'offset::m_thirdPersonViewAngles'
C:\Users\ecpp\source\repos\go-kernel\csgo-legit-external\globals.h(98,29): error C2374: 'offset::m_vecOrigin': redefinition; multiple initialization
C:\Users\ecpp\Desktop\simple-csgo-external\csgo-legit-external\globals.h(98,29): message : see declaration of 'offset::m_vecOrigin'
C:\Users\ecpp\source\repos\go-kernel\csgo-legit-external\globals.h(99,29): error C2374: 'offset::m_vecVelocity': redefinition; multiple initialization
C:\Users\ecpp\Desktop\simple-csgo-external\csgo-legit-external\globals.h(99,29): message : see declaration of 'offset::m_vecVelocity'
C:\Users\ecpp\source\repos\go-kernel\csgo-legit-external\globals.h(100,29): error C2374: 'offset::m_vecViewOffset': redefinition; multiple initialization
C:\Users\ecpp\Desktop\simple-csgo-external\csgo-legit-external\globals.h(100,29): message : see declaration of 'offset::m_vecViewOffset'
C:\Users\ecpp\source\repos\go-kernel\csgo-legit-external\globals.h(101,29): error C2374: 'offset::m_viewPunchAngle': redefinition; multiple initialization
C:\Users\ecpp\Desktop\simple-csgo-external\csgo-legit-external\globals.h(101,29): message : see declaration of 'offset::m_viewPunchAngle'
C:\Users\ecpp\source\repos\go-kernel\csgo-legit-external\globals.h(102,29): error C2374: 'offset::m_zoomLevel': redefinition; multiple initialization
C:\Users\ecpp\Desktop\simple-csgo-external\csgo-legit-external\globals.h(102,29): message : see declaration of 'offset::m_zoomLevel'
C:\Users\ecpp\source\repos\go-kernel\csgo-legit-external\globals.h(103,29): error C2374: 'offset::anim_overlays': redefinition; multiple initialization
C:\Users\ecpp\Desktop\simple-csgo-external\csgo-legit-external\globals.h(103,29): message : see declaration of 'offset::anim_overlays'
C:\Users\ecpp\source\repos\go-kernel\csgo-legit-external\globals.h(104,29): error C2374: 'offset::clientstate_choked_commands': redefinition; multiple initialization
C:\Users\ecpp\Desktop\simple-csgo-external\csgo-legit-external\globals.h(104,29): message : see declaration of 'offset::clientstate_choked_commands'
C:\Users\ecpp\source\repos\go-kernel\csgo-legit-external\globals.h(105,29): error C2374: 'offset::clientstate_delta_ticks': redefinition; multiple initialization
C:\Users\ecpp\Desktop\simple-csgo-external\csgo-legit-external\globals.h(105,29): message : see declaration of 'offset::clientstate_delta_ticks'
C:\Users\ecpp\source\repos\go-kernel\csgo-legit-external\globals.h(106,29): error C2374: 'offset::clientstate_last_outgoing_command': redefinition; multiple initialization
C:\Users\ecpp\Desktop\simple-csgo-external\csgo-legit-external\globals.h(106,29): message : see declaration of 'offset::clientstate_last_outgoing_command'
C:\Users\ecpp\source\repos\go-kernel\csgo-legit-external\globals.h(107,29): error C2374: 'offset::clientstate_net_channel': redefinition; multiple initialization
C:\Users\ecpp\Desktop\simple-csgo-external\csgo-legit-external\globals.h(107,29): message : see declaration of 'offset::clientstate_net_channel'
C:\Users\ecpp\source\repos\go-kernel\csgo-legit-external\globals.h(108,29): error C2374: 'offset::convar_name_hash_table': redefinition; multiple initialization
C:\Users\ecpp\Desktop\simple-csgo-external\csgo-legit-external\globals.h(108,29): message : see declaration of 'offset::convar_name_hash_table'
C:\Users\ecpp\source\repos\go-kernel\csgo-legit-external\globals.h(109,29): error C2374: 'offset::dwClientState': redefinition; multiple initialization
C:\Users\ecpp\Desktop\simple-csgo-external\csgo-legit-external\globals.h(109,29): message : see declaration of 'offset::dwClientState'
C:\Users\ecpp\source\repos\go-kernel\csgo-legit-external\globals.h(109,45): fatal  error C1003: error count exceeds 100; stopping compilation
  Generating Code...
C:\Users\ecpp\source\repos\go-kernel\csgo-legit-external\main.cpp(94): warning C4715: '`main'::`2'::<lambda_1>::operator()': not all control paths return a value
